12/18/2020 02:38:48 PM: INFO: **************Test 001 Login****************
12/18/2020 02:38:48 PM: INFO: **************Verifying Home Page Title**********
12/18/2020 02:38:56 PM: INFO: *****************Verifying Login Test*************
12/18/2020 02:39:04 PM: INFO: ******************Login Success**********************
12/18/2020 03:05:47 PM: INFO: **************Test 001 Login****************
12/18/2020 03:05:47 PM: INFO: **************Verifying Home Page Title**********
12/18/2020 03:05:55 PM: INFO: *****************Verifying Login Test*************
12/18/2020 03:06:01 PM: INFO: ******************Login Success**********************
12/18/2020 03:22:27 PM: INFO: **************Test 001 Login****************
12/18/2020 03:22:27 PM: INFO: **************Verifying Home Page Title**********
12/18/2020 03:22:35 PM: INFO: *****************Verifying Login Test*************
12/18/2020 03:22:41 PM: ERROR: *****************Failed Login**************
12/18/2020 03:23:33 PM: INFO: **************Test 001 Login****************
12/18/2020 03:23:33 PM: INFO: **************Verifying Home Page Title**********
12/18/2020 03:23:41 PM: INFO: *****************Verifying Login Test*************
12/18/2020 03:23:49 PM: ERROR: *****************Failed Login**************
12/18/2020 03:28:55 PM: INFO: **************Test 001 Login****************
12/18/2020 03:28:55 PM: INFO: **************Verifying Home Page Title**********
12/18/2020 03:29:04 PM: INFO: *****************Verifying Login Test*************
12/18/2020 03:29:12 PM: INFO: ******************Login Success**********************
12/18/2020 04:03:27 PM: INFO: *****************Verifying Login Test*************
12/18/2020 04:03:27 PM: INFO: **************Test 001 Login****************
12/18/2020 04:03:27 PM: INFO: **************Verifying Home Page Title**********
12/18/2020 04:03:34 PM: INFO: ******************Login Success**********************
12/18/2020 04:06:56 PM: INFO: **************Test 001 Login****************
12/18/2020 04:06:56 PM: INFO: **************Verifying Home Page Title**********
12/18/2020 04:07:04 PM: INFO: *****************Verifying Login Test*************
12/18/2020 04:07:11 PM: INFO: ******************Login Success**********************
12/18/2020 04:07:48 PM: INFO: **************Test 001 Login****************
12/18/2020 04:07:48 PM: INFO: **************Verifying Home Page Title**********
12/18/2020 04:07:57 PM: INFO: *****************Verifying Login Test*************
12/18/2020 04:08:05 PM: INFO: ******************Login Success**********************
12/18/2020 05:09:52 PM: INFO: **************Test 001 Login****************
12/18/2020 05:09:52 PM: INFO: **************Verifying Home Page Title**********
12/18/2020 05:09:59 PM: INFO: *****************Verifying Login Test*************
12/18/2020 05:10:07 PM: INFO: ******************Login Success**********************
12/18/2020 05:17:29 PM: INFO: **************Test 001 Login****************
12/18/2020 05:17:29 PM: INFO: **************Verifying Home Page Title**********
12/18/2020 05:17:38 PM: INFO: *****************Verifying Login Test*************
12/18/2020 05:17:44 PM: INFO: ******************Login Success**********************
